C51 COMPILER V9.54   DELAY                                                                 12/07/2024 20:19:59 PAGE 1   


C51 COMPILER V9.54, COMPILATION OF MODULE DELAY
OBJECT MODULE PLACED IN .\Objects\Delay.obj
COMPILER INVOKED BY: D:\KEIL5\C51\BIN\C51.EXE Delay\Delay.c OPTIMIZE(8,SPEED) BROWSE INCDIR(.\DHT11;.\Delay;.\Printf) DE
                    -BUG OBJECTEXTEND PRINT(.\Listings\Delay.lst) TABS(2) OBJECT(.\Objects\Delay.obj)

line level    source

   1          #include <reg52.h> 
   2          #include "Delay.h" 
   3          #include "Type.h" 
   4          
   5          /** 
   6           * 函数名称： Timer0_Init
   7           *
   8           * 功能说明： 定时器0的初始化
   9           *
  10           * 参数说明： 无
  11           *
  12           * 函数返回： 无
  13           */
  14          void Timer0_Init()
  15          {
  16   1        TMOD &= 0xF0;   // 清除定时器0工作模式配置（保留定时器1工作模式配置）
  17   1        TMOD |= 0x01;   // 配置定时器0工作模式1（16位定时器模式）
  18   1        TF0 = 0;        // 清除溢出中断标志位
  19   1        TR0 = 0;        // 停止定时器
  20   1      }
  21          
  22          /** 
  23           * 函数名称： Delay_us（14us - 1ms）
  24           *
  25           * 功能说明： 1、 最低延时14us（当us=0时）；
  26           *            2、 us加1，则延时增加6us；
  27           *            3、 最高延时1ms
  28           *            4、 误差为0
  29           *
  30           * 参数说明： us - 要延时的微秒数
  31           *
  32           * 函数返回： 无
  33           */
  34          void Delay_us(u8 us)
  35          {
  36   1        while(us--);
  37   1      }
  38          
  39          /** 
  40           * 函数名称： Delay_ms(1ms - 1min)
  41           *
  42           * 功能说明： 1、 最低延时1ms（当ms=1时）；
  43           *            2、 ms加1，则延时增加1ms；
  44           *            3、 最高延时1分钟
  45           *            4、 ms越大，误差越大. ms = 1 时误差为0，延时1分钟时误差为3%
  46           *
  47           * 参数说明： ms - 要延时的毫秒数
  48           *
  49           * 函数返回： 无
  50           */
  51          void Delay_ms(u16 ms)
  52          {
  53   1        /* 循环一次则完成一次1ms的延时 */
  54   1        while(ms--)
C51 COMPILER V9.54   DELAY                                                                 12/07/2024 20:19:59 PAGE 2   

  55   1        {
  56   2          /* 设置定时器初值 */
  57   2          /* 40是测量修正值 */    
  58   2          TH0 = (65536-1000+40) >> 8;       // 定时器初值高字节
  59   2          TL0 = (65536-1000+40) & 0xFF;     // 定时器初值低字节
  60   2      
  61   2          /* 启动定时器 */
  62   2          TR0 = 1;
  63   2      
  64   2          /* 等待定时器溢出 */
  65   2          while (TF0 == 0);     // 等待定时器溢出标志位被置位
  66   2      
  67   2          /* 关闭定时器 */
  68   2          TR0 = 0;
  69   2          TF0 = 0;              // 清除溢出标志
  70   2        }
  71   1      }


MODULE INFORMATION:   STATIC OVERLAYABLE
   CODE SIZE        =     46    ----
   CONSTANT SIZE    =   ----    ----
   XDATA SIZE       =   ----    ----
   PDATA SIZE       =   ----    ----
   DATA SIZE        =   ----    ----
   IDATA SIZE       =   ----    ----
   BIT SIZE         =   ----    ----
END OF MODULE INFORMATION.


C51 COMPILATION COMPLETE.  0 WARNING(S),  0 ERROR(S)
