C51 COMPILER V9.54   MAIN                                                                  12/07/2024 20:19:59 PAGE 1   


C51 COMPILER V9.54, COMPILATION OF MODULE MAIN
OBJECT MODULE PLACED IN .\Objects\main.obj
COMPILER INVOKED BY: D:\KEIL5\C51\BIN\C51.EXE main.c OPTIMIZE(8,SPEED) BROWSE INCDIR(.\DHT11;.\Delay;.\Printf) DEBUG OBJ
                    -ECTEXTEND PRINT(.\Listings\main.lst) TABS(2) OBJECT(.\Objects\main.obj)

line level    source

   1          #include <reg52.h>
   2          #include <stdio.h>
   3          #include "Delay.h"
   4          #include "DHT11.h"
   5          #include "UART_Printf.h"  
   6          
   7          void main()
   8          { 
   9   1        Timer0_Init();  //初始化定时器0
  10   1        UART_Init();
  11   1        
  12   1        Delay_ms(2000);
  13   1      
  14   1        
  15   1        while(1)
  16   1        {
  17   2          DHT11_receive();
  18   2          
  19   2          printf("%s", rec_dat);
  20   2          
  21   2          Delay_ms(2000);
  22   2        }
  23   1      }


MODULE INFORMATION:   STATIC OVERLAYABLE
   CODE SIZE        =     43    ----
   CONSTANT SIZE    =      3    ----
   XDATA SIZE       =   ----    ----
   PDATA SIZE       =   ----    ----
   DATA SIZE        =   ----    ----
   IDATA SIZE       =   ----    ----
   BIT SIZE         =   ----    ----
END OF MODULE INFORMATION.


C51 COMPILATION COMPLETE.  0 WARNING(S),  0 ERROR(S)
