C51 COMPILER V9.54   UART_PRINTF                                                           12/07/2024 20:19:59 PAGE 1   


C51 COMPILER V9.54, COMPILATION OF MODULE UART_PRINTF
OBJECT MODULE PLACED IN .\Objects\UART_Printf.obj
COMPILER INVOKED BY: D:\KEIL5\C51\BIN\C51.EXE Printf\UART_Printf.c OPTIMIZE(8,SPEED) BROWSE INCDIR(.\DHT11;.\Delay;.\Pri
                    -ntf) DEBUG OBJECTEXTEND PRINT(.\Listings\UART_Printf.lst) TABS(2) OBJECT(.\Objects\UART_Printf.obj)

line level    source

   1          #include <reg52.h>
   2          #include "UART_Printf.h"  
   3          
   4          /* 串口流控制符 */
   5          #define XON  0x11   // 启动
   6          #define XOFF 0x13   // 中断
   7          
   8          /** 
   9           * @brief   串口初始化函数
  10           * @param   无
  11           * @return  无
  12           * @note    
  13           *   1、该函数是按12M晶振配置的
  14           *   2、该函数只启用串口发送，没有启用串口接收
  15           */ 
  16           void UART_Init()
  17          {
  18   1        /* 串口设置 */
  19   1        SCON = 0X40;                        // 设置为工作方式1（并禁止接收、清除发送和接收中断标志
             -）
  20   1        PCON = 0X80;                        // 波特率加倍（SMOD=1）
  21   1        
  22   1        /* 定时器1设置 */
  23   1        TMOD &= 0x0F;                       // 清除定时器1工作模式配置（保留定时器0工作模式配置）
  24   1        TMOD |= 0X20;                       // 设置定时器1计数器工作方式2（8位自动重载模式）
  25   1        /* 4800波特率，无误码率 */
  26   1        TH1 = 0XF3;                         // 设定定时初值
  27   1        TL1 = 0XF3;                         // 设定定时器重装值
  28   1        /* 9600波特率，存在个别数据误码 */
  29   1        //TH1=0XF9;
  30   1        //TL1=0XF9;
  31   1        TR1 = 1;                            //启动定时器1
  32   1      }
  33          
  34          /** 
  35           * @brief   putchar(升级版)
  36           * @param   c - 要发送的字符
  37           * @return  无
  38           * @note
  39           *   功能1：将“\n”扩展为CR LF并处理（当要发送'\n'时,系统自动在前面添加上回
             -符，这样用户只需写“\n”就能换行）
  40           *   功能2：支持XON/XOFF(Ctrl+S/Ctrl+Q)协议（检查串口缓冲区是否接收到XOFF,如果是,
             -会等待接收端发送XON,才能继续输出数据）
  41           */ 
  42          char putchar (char c)
  43          { 
  44   1        /* 检测\n字符 */
  45   1        if(c == '\n')
  46   1        {
  47   2          if(RI)                      // 判断SBUF是否接受到了信息
  48   2          {
  49   3            if(SBUF == XOFF)          // 判断SBUF中的信息是否为中断信号
  50   3            {
  51   4              do
C51 COMPILER V9.54   UART_PRINTF                                                           12/07/2024 20:19:59 PAGE 2   

  52   4              {
  53   5                RI = 0;               // 继续接收信息
  54   5                while (!RI);          // 判断是否接收到了信息
  55   5              }
  56   4              while (SBUF != XON);    // 判断接收的信息是否为启动信息
  57   4              RI = 0;                 // 继续接收信息
  58   4            }
  59   3          }  
  60   2          SBUF = 0x0d;                // 把字符'\r'写入发送寄存器
  61   2          while (!TI);                // 等待发送数据完成
  62   2          TI = 0;                     // 清除发送中断标志位
  63   2        }
  64   1        /* 发送字符c */
  65   1        if (RI)                       // 下面的if函数又是判断SBUF中是否接收了中断信号,与上面的程序
             -一样
  66   1        {
  67   2          if (SBUF == XOFF)
  68   2          {
  69   3            do 
  70   3            {
  71   4              RI = 0;
  72   4              while (!RI);
  73   4            }
  74   3            while (SBUF != XON);
  75   3            RI = 0; 
  76   3          }
  77   2        }
  78   1        SBUF = c;                     // 把字符c写入发送寄存器
  79   1        while (!TI);
  80   1        TI = 0;
  81   1      }
*** WARNING C173 IN LINE 81 OF Printf\UART_Printf.c: missing return-expression
  82          
  83          #if 0 
              //其他版本，不启用
              
              /** 
               * @brief   putchar(基础版)
               * @param   c - 要发送的字符
               * @return  无
               * @note
               *   功能：将“\n”扩展为CR LF并处理（当要发送'\n'时,系统自动在前面添加上回
             -符，这样用户只需写“\n”就能换行）
               */
              char putchar (char c)
              {
                /* 检测\n字符 */
                if (c == '\n')
                {
                  /* 发送字符'\r' */
                  SBUF = 0x0d;          // 把字符'\r'写入发送寄存器
                  while (!TI);          // 等待发送数据完成
                  TI = 0;               // 清除发送中断标志位
                }
                /* 发送字符c */
                SBUF = c;               // 把字符c写入发送寄存器
                while(!TI)
                TI = 0;
              }
              
              /** 
               * @brief   putchar(迷你版)
C51 COMPILER V9.54   UART_PRINTF                                                           12/07/2024 20:19:59 PAGE 3   

               * @param   c - 要发送的字符
               * @return  无
               * @note
               *   功能：实现串口输出字符
               */
              char putchar (char c)
              {
                SBUF = c;             // 把字符c写入发送寄存器
                while(!TI);           // 等待发送数据完成
                TI = 0;               // 清除发送中断标志位
              }
              
              #endif
*** WARNING C290 IN LINE 81 OF Printf\UART_Printf.c: missing return value


MODULE INFORMATION:   STATIC OVERLAYABLE
   CODE SIZE        =     82    ----
   CONSTANT SIZE    =   ----    ----
   XDATA SIZE       =   ----    ----
   PDATA SIZE       =   ----    ----
   DATA SIZE        =   ----    ----
   IDATA SIZE       =   ----    ----
   BIT SIZE         =   ----    ----
END OF MODULE INFORMATION.


C51 COMPILATION COMPLETE.  2 WARNING(S),  0 ERROR(S)
